d:\02 프로젝트\라이브러리cli\windowsformsapplication1 (3)\serialcommunication\x64\debug\serialcommunication.pch
d:\02 프로젝트\라이브러리cli\windowsformsapplication1 (3)\serialcommunication\x64\debug\vc140.pdb
d:\02 프로젝트\라이브러리cli\windowsformsapplication1 (3)\serialcommunication\x64\debug\vc140.idb
d:\02 프로젝트\라이브러리cli\windowsformsapplication1 (3)\serialcommunication\x64\debug\stdafx.obj
d:\02 프로젝트\라이브러리cli\windowsformsapplication1 (3)\serialcommunication\x64\debug\dllmain.obj
d:\02 프로젝트\라이브러리cli\windowsformsapplication1 (3)\serialcommunication\x64\debug\serial.obj
d:\02 프로젝트\라이브러리cli\windowsformsapplication1 (3)\serialcommunication\x64\debug\serialcommunication.obj
d:\02 프로젝트\라이브러리cli\windowsformsapplication1 (3)\output\serialcommunication.ilk
d:\02 프로젝트\라이브러리cli\windowsformsapplication1 (3)\output\serialcommunication.dll
d:\02 프로젝트\라이브러리cli\windowsformsapplication1 (3)\output\serialcommunication.pdb
d:\02 프로젝트\라이브러리cli\windowsformsapplication1 (3)\serialcommunication\x64\debug\serialcommunication.res
d:\02 프로젝트\라이브러리cli\windowsformsapplication1 (3)\output\serialcommunication.lib
d:\02 프로젝트\라이브러리cli\windowsformsapplication1 (3)\output\serialcommunication.exp
d:\02 프로젝트\라이브러리cli\windowsformsapplication1 (3)\\output\serialcommunication.pdb
d:\02 프로젝트\라이브러리cli\windowsformsapplication1 (3)\\output\serialcommunication.dll
d:\02 프로젝트\라이브러리cli\windowsformsapplication1 (3)\\output\serialcommunication.ilk
d:\02 프로젝트\라이브러리cli\windowsformsapplication1 (3)\serialcommunication\x64\debug\serialco.f31feffd.tlog\cl.command.1.tlog
d:\02 프로젝트\라이브러리cli\windowsformsapplication1 (3)\serialcommunication\x64\debug\serialco.f31feffd.tlog\cl.read.1.tlog
d:\02 프로젝트\라이브러리cli\windowsformsapplication1 (3)\serialcommunication\x64\debug\serialco.f31feffd.tlog\cl.write.1.tlog
d:\02 프로젝트\라이브러리cli\windowsformsapplication1 (3)\serialcommunication\x64\debug\serialco.f31feffd.tlog\link.command.1.tlog
d:\02 프로젝트\라이브러리cli\windowsformsapplication1 (3)\serialcommunication\x64\debug\serialco.f31feffd.tlog\link.read.1.tlog
d:\02 프로젝트\라이브러리cli\windowsformsapplication1 (3)\serialcommunication\x64\debug\serialco.f31feffd.tlog\link.write.1.tlog
d:\02 프로젝트\라이브러리cli\windowsformsapplication1 (3)\serialcommunication\x64\debug\serialco.f31feffd.tlog\rc.command.1.tlog
d:\02 프로젝트\라이브러리cli\windowsformsapplication1 (3)\serialcommunication\x64\debug\serialco.f31feffd.tlog\rc.read.1.tlog
d:\02 프로젝트\라이브러리cli\windowsformsapplication1 (3)\serialcommunication\x64\debug\serialco.f31feffd.tlog\rc.write.1.tlog
d:\02 프로젝트\라이브러리cli\windowsformsapplication1 (3)\serialcommunication\x64\debug\serialco.f31feffd.tlog\serialcommunication.write.1u.tlog
