d:\02 프로젝트\라이브러리cli\windowsformsapplication1 (3)\serialcommunication\x64\release\serialcommunication.pch
d:\02 프로젝트\라이브러리cli\windowsformsapplication1 (3)\serialcommunication\x64\release\vc140.pdb
d:\02 프로젝트\라이브러리cli\windowsformsapplication1 (3)\serialcommunication\x64\release\stdafx.obj
d:\02 프로젝트\라이브러리cli\windowsformsapplication1 (3)\serialcommunication\x64\release\dllmain.obj
d:\02 프로젝트\라이브러리cli\windowsformsapplication1 (3)\serialcommunication\x64\release\serialcommunication.obj
d:\02 프로젝트\라이브러리cli\windowsformsapplication1 (3)\serialcommunication\x64\release\serial.obj
d:\02 프로젝트\라이브러리cli\windowsformsapplication1 (3)\x64\release\serialcommunication.dll
d:\02 프로젝트\라이브러리cli\windowsformsapplication1 (3)\x64\release\serialcommunication.ipdb
d:\02 프로젝트\라이브러리cli\windowsformsapplication1 (3)\x64\release\serialcommunication.iobj
d:\02 프로젝트\라이브러리cli\windowsformsapplication1 (3)\x64\release\serialcommunication.pdb
d:\02 프로젝트\라이브러리cli\windowsformsapplication1 (3)\serialcommunication\x64\release\serialcommunication.res
d:\02 프로젝트\라이브러리cli\windowsformsapplication1 (3)\x64\release\serialcommunication.lib
d:\02 프로젝트\라이브러리cli\windowsformsapplication1 (3)\x64\release\serialcommunication.exp
d:\02 프로젝트\라이브러리cli\windowsformsapplication1 (3)\serialcommunication\x64\release\serialco.f31feffd.tlog\cl.command.1.tlog
d:\02 프로젝트\라이브러리cli\windowsformsapplication1 (3)\serialcommunication\x64\release\serialco.f31feffd.tlog\cl.read.1.tlog
d:\02 프로젝트\라이브러리cli\windowsformsapplication1 (3)\serialcommunication\x64\release\serialco.f31feffd.tlog\cl.write.1.tlog
d:\02 프로젝트\라이브러리cli\windowsformsapplication1 (3)\serialcommunication\x64\release\serialco.f31feffd.tlog\link.command.1.tlog
d:\02 프로젝트\라이브러리cli\windowsformsapplication1 (3)\serialcommunication\x64\release\serialco.f31feffd.tlog\link.read.1.tlog
d:\02 프로젝트\라이브러리cli\windowsformsapplication1 (3)\serialcommunication\x64\release\serialco.f31feffd.tlog\link.write.1.tlog
d:\02 프로젝트\라이브러리cli\windowsformsapplication1 (3)\serialcommunication\x64\release\serialco.f31feffd.tlog\rc.command.1.tlog
d:\02 프로젝트\라이브러리cli\windowsformsapplication1 (3)\serialcommunication\x64\release\serialco.f31feffd.tlog\rc.read.1.tlog
d:\02 프로젝트\라이브러리cli\windowsformsapplication1 (3)\serialcommunication\x64\release\serialco.f31feffd.tlog\rc.write.1.tlog
d:\02 프로젝트\라이브러리cli\windowsformsapplication1 (3)\serialcommunication\x64\release\serialco.f31feffd.tlog\serialcommunication.write.1u.tlog
