d:\02 프로젝트\라이브러리cli\windowsformsapplication1 (3)\serialcommunicationwrapper\x64\debug\serialcommunicationwrapper.pch
d:\02 프로젝트\라이브러리cli\windowsformsapplication1 (3)\serialcommunicationwrapper\x64\debug\vc140.pdb
d:\02 프로젝트\라이브러리cli\windowsformsapplication1 (3)\serialcommunicationwrapper\x64\debug\stdafx.obj
d:\02 프로젝트\라이브러리cli\windowsformsapplication1 (3)\serialcommunicationwrapper\x64\debug\serialcommunicationwrapper.obj
d:\02 프로젝트\라이브러리cli\windowsformsapplication1 (3)\serialcommunicationwrapper\x64\debug\assemblyinfo.obj
d:\02 프로젝트\라이브러리cli\windowsformsapplication1 (3)\serialcommunicationwrapper\x64\debug\.netframework,version=v4.0.assemblyattributes.obj
d:\02 프로젝트\라이브러리cli\windowsformsapplication1 (3)\serialcommunicationwrapper\x64\debug\.netframework,version=v4.0.assemblyattributes.asm
d:\02 프로젝트\라이브러리cli\windowsformsapplication1 (3)\output\serialcommunicationwrapper.dll
d:\02 프로젝트\라이브러리cli\windowsformsapplication1 (3)\output\serialcommunicationwrapper.pdb
d:\02 프로젝트\라이브러리cli\windowsformsapplication1 (3)\serialcommunicationwrapper\x64\debug\app.res
d:\02 프로젝트\라이브러리cli\windowsformsapplication1 (3)\\output\serialcommunicationwrapper.pdb
d:\02 프로젝트\라이브러리cli\windowsformsapplication1 (3)\\output\serialcommunicationwrapper.dll
d:\02 프로젝트\라이브러리cli\windowsformsapplication1 (3)\serialcommunicationwrapper\x64\debug\serialco.d071ad70.tlog\cl.command.1.tlog
d:\02 프로젝트\라이브러리cli\windowsformsapplication1 (3)\serialcommunicationwrapper\x64\debug\serialco.d071ad70.tlog\cl.read.1.tlog
d:\02 프로젝트\라이브러리cli\windowsformsapplication1 (3)\serialcommunicationwrapper\x64\debug\serialco.d071ad70.tlog\cl.write.1.tlog
d:\02 프로젝트\라이브러리cli\windowsformsapplication1 (3)\serialcommunicationwrapper\x64\debug\serialco.d071ad70.tlog\link.command.1.tlog
d:\02 프로젝트\라이브러리cli\windowsformsapplication1 (3)\serialcommunicationwrapper\x64\debug\serialco.d071ad70.tlog\link.read.1.tlog
d:\02 프로젝트\라이브러리cli\windowsformsapplication1 (3)\serialcommunicationwrapper\x64\debug\serialco.d071ad70.tlog\link.write.1.tlog
d:\02 프로젝트\라이브러리cli\windowsformsapplication1 (3)\serialcommunicationwrapper\x64\debug\serialco.d071ad70.tlog\metagen.read.1.tlog
d:\02 프로젝트\라이브러리cli\windowsformsapplication1 (3)\serialcommunicationwrapper\x64\debug\serialco.d071ad70.tlog\metagen.write.1.tlog
d:\02 프로젝트\라이브러리cli\windowsformsapplication1 (3)\serialcommunicationwrapper\x64\debug\serialco.d071ad70.tlog\rc.command.1.tlog
d:\02 프로젝트\라이브러리cli\windowsformsapplication1 (3)\serialcommunicationwrapper\x64\debug\serialco.d071ad70.tlog\rc.read.1.tlog
d:\02 프로젝트\라이브러리cli\windowsformsapplication1 (3)\serialcommunicationwrapper\x64\debug\serialco.d071ad70.tlog\rc.write.1.tlog
d:\02 프로젝트\라이브러리cli\windowsformsapplication1 (3)\serialcommunicationwrapper\x64\debug\serialco.d071ad70.tlog\tzres.dll.bi
