d:\02 프로젝트\라이브러리cli\windowsformsapplication1 (3)\serialcommunicationwrapper\x64\release\serialcommunicationwrapper.pch
d:\02 프로젝트\라이브러리cli\windowsformsapplication1 (3)\serialcommunicationwrapper\x64\release\vc140.pdb
d:\02 프로젝트\라이브러리cli\windowsformsapplication1 (3)\serialcommunicationwrapper\x64\release\stdafx.obj
d:\02 프로젝트\라이브러리cli\windowsformsapplication1 (3)\serialcommunicationwrapper\x64\release\serialcommunicationwrapper.obj
d:\02 프로젝트\라이브러리cli\windowsformsapplication1 (3)\serialcommunicationwrapper\x64\release\assemblyinfo.obj
d:\02 프로젝트\라이브러리cli\windowsformsapplication1 (3)\serialcommunicationwrapper\x64\release\.netframework,version=v4.0.assemblyattributes.obj
d:\02 프로젝트\라이브러리cli\windowsformsapplication1 (3)\serialcommunicationwrapper\x64\release\.netframework,version=v4.0.assemblyattributes.asm
d:\02 프로젝트\라이브러리cli\windowsformsapplication1 (3)\x64\release\serialcommunicationwrapper.dll
d:\02 프로젝트\라이브러리cli\windowsformsapplication1 (3)\x64\release\serialcommunicationwrapper.pdb
d:\02 프로젝트\라이브러리cli\windowsformsapplication1 (3)\serialcommunicationwrapper\x64\release\app.res
d:\02 프로젝트\라이브러리cli\windowsformsapplication1 (3)\serialcommunicationwrapper\x64\release\serialco.d071ad70.tlog\cl.command.1.tlog
d:\02 프로젝트\라이브러리cli\windowsformsapplication1 (3)\serialcommunicationwrapper\x64\release\serialco.d071ad70.tlog\cl.read.1.tlog
d:\02 프로젝트\라이브러리cli\windowsformsapplication1 (3)\serialcommunicationwrapper\x64\release\serialco.d071ad70.tlog\cl.write.1.tlog
d:\02 프로젝트\라이브러리cli\windowsformsapplication1 (3)\serialcommunicationwrapper\x64\release\serialco.d071ad70.tlog\link.command.1.tlog
d:\02 프로젝트\라이브러리cli\windowsformsapplication1 (3)\serialcommunicationwrapper\x64\release\serialco.d071ad70.tlog\link.read.1.tlog
d:\02 프로젝트\라이브러리cli\windowsformsapplication1 (3)\serialcommunicationwrapper\x64\release\serialco.d071ad70.tlog\link.write.1.tlog
d:\02 프로젝트\라이브러리cli\windowsformsapplication1 (3)\serialcommunicationwrapper\x64\release\serialco.d071ad70.tlog\metagen.read.1.tlog
d:\02 프로젝트\라이브러리cli\windowsformsapplication1 (3)\serialcommunicationwrapper\x64\release\serialco.d071ad70.tlog\metagen.write.1.tlog
d:\02 프로젝트\라이브러리cli\windowsformsapplication1 (3)\serialcommunicationwrapper\x64\release\serialco.d071ad70.tlog\rc.command.1.tlog
d:\02 프로젝트\라이브러리cli\windowsformsapplication1 (3)\serialcommunicationwrapper\x64\release\serialco.d071ad70.tlog\rc.read.1.tlog
d:\02 프로젝트\라이브러리cli\windowsformsapplication1 (3)\serialcommunicationwrapper\x64\release\serialco.d071ad70.tlog\rc.write.1.tlog
d:\02 프로젝트\라이브러리cli\windowsformsapplication1 (3)\serialcommunicationwrapper\x64\release\serialco.d071ad70.tlog\tzres.dll.bi
